<?xml version="1.0" encoding="UTF-8"?>
<coverage generated="1661902389897" clover="3.2.0">
  <project timestamp="1661902389897" name="All files">
    <metrics statements="23" coveredstatements="8" conditionals="8" coveredconditionals="4" methods="7" coveredmethods="4" elements="38" coveredelements="16" complexity="0" loc="23" ncloc="23" packages="1" files="7" classes="7"/>
    <file name="App.js" path="/Users/lepham/Desktop/daily/week-8/react-state-carousel-coins/carousel/src/App.js">
      <metrics statements="3" coveredstatements="0" conditionals="0" coveredconditionals="0" methods="1" coveredmethods="0"/>
      <line num="17" count="0" type="stmt"/>
      <line num="18" count="0" type="stmt"/>
      <line num="20" count="0" type="stmt"/>
    </file>
    <file name="Card.js" path="/Users/lepham/Desktop/daily/week-8/react-state-carousel-coins/carousel/src/Card.js">
      <metrics statements="1" coveredstatements="1" conditionals="0" coveredconditionals="0" methods="1" coveredmethods="1"/>
      <line num="20" count="13" type="stmt"/>
    </file>
    <file name="Carousel.js" path="/Users/lepham/Desktop/daily/week-8/react-state-carousel-coins/carousel/src/Carousel.js">
      <metrics statements="6" coveredstatements="6" conditionals="4" coveredconditionals="4" methods="3" coveredmethods="3"/>
      <line num="18" count="10" type="stmt"/>
      <line num="20" count="10" type="stmt"/>
      <line num="21" count="10" type="stmt"/>
      <line num="25" count="4" type="stmt"/>
      <line num="30" count="1" type="stmt"/>
      <line num="35" count="10" type="stmt"/>
    </file>
    <file name="_testCommon.js" path="/Users/lepham/Desktop/daily/week-8/react-state-carousel-coins/carousel/src/_testCommon.js">
      <metrics statements="1" coveredstatements="1" conditionals="0" coveredconditionals="0" methods="0" coveredmethods="0"/>
      <line num="1" count="2" type="stmt"/>
    </file>
    <file name="index.js" path="/Users/lepham/Desktop/daily/week-8/react-state-carousel-coins/carousel/src/index.js">
      <metrics statements="3" coveredstatements="0" conditionals="0" coveredconditionals="0" methods="0" coveredmethods="0"/>
      <line num="8" count="0" type="stmt"/>
      <line num="9" count="0" type="stmt"/>
      <line num="18" count="0" type="stmt"/>
    </file>
    <file name="photos.js" path="/Users/lepham/Desktop/daily/week-8/react-state-carousel-coins/carousel/src/photos.js">
      <metrics statements="1" coveredstatements="0" conditionals="0" coveredconditionals="0" methods="0" coveredmethods="0"/>
      <line num="5" count="0" type="stmt"/>
    </file>
    <file name="reportWebVitals.js" path="/Users/lepham/Desktop/daily/week-8/react-state-carousel-coins/carousel/src/reportWebVitals.js">
      <metrics statements="8" coveredstatements="0" conditionals="4" coveredconditionals="0" methods="2" coveredmethods="0"/>
      <line num="1" count="0" type="stmt"/>
      <line num="2" count="0" type="cond" truecount="0" falsecount="4"/>
      <line num="3" count="0" type="stmt"/>
      <line num="4" count="0" type="stmt"/>
      <line num="5" count="0" type="stmt"/>
      <line num="6" count="0" type="stmt"/>
      <line num="7" count="0" type="stmt"/>
      <line num="8" count="0" type="stmt"/>
    </file>
  </project>
</coverage>
