{"/Users/lepham/Desktop/daily/week-8/react-state-carousel-coins/carousel/src/App.js": {"path":"/Users/lepham/Desktop/daily/week-8/react-state-carousel-coins/carousel/src/App.js","statementMap":{"0":{"start":{"line":17,"column":25},"end":{"line":17,"column":31}},"1":{"start":{"line":18,"column":24},"end":{"line":18,"column":54}},"2":{"start":{"line":20,"column":2},"end":{"line":24,"column":4}}},"fnMap":{"0":{"name":"App","decl":{"start":{"line":13,"column":9},"end":{"line":13,"column":12}},"loc":{"start":{"line":13,"column":15},"end":{"line":25,"column":1}},"line":13}},"branchMap":{},"s":{"0":0,"1":0,"2":0},"f":{"0":0},"b":{}}
,"/Users/lepham/Desktop/daily/week-8/react-state-carousel-coins/carousel/src/Card.js": {"path":"/Users/lepham/Desktop/daily/week-8/react-state-carousel-coins/carousel/src/Card.js","statementMap":{"0":{"start":{"line":20,"column":2},"end":{"line":28,"column":4}}},"fnMap":{"0":{"name":"Card","decl":{"start":{"line":18,"column":10},"end":{"line":18,"column":14}},"loc":{"start":{"line":18,"column":50},"end":{"line":29,"column":1}},"line":18}},"branchMap":{},"s":{"0":13},"f":{"0":13},"b":{},"_coverageSchema":"1a1c01bbd47fc00a2c39e90264f33305004495a9","hash":"d1b9e4df0dc4381c7e8604f7de37cf371c704fc5"}
,"/Users/lepham/Desktop/daily/week-8/react-state-carousel-coins/carousel/src/Carousel.js": {"path":"/Users/lepham/Desktop/daily/week-8/react-state-carousel-coins/carousel/src/Carousel.js","statementMap":{"0":{"start":{"line":18,"column":40},"end":{"line":18,"column":51}},"1":{"start":{"line":20,"column":19},"end":{"line":20,"column":38}},"2":{"start":{"line":21,"column":16},"end":{"line":21,"column":29}},"3":{"start":{"line":25,"column":4},"end":{"line":25,"column":36}},"4":{"start":{"line":30,"column":4},"end":{"line":30,"column":36}},"5":{"start":{"line":35,"column":2},"end":{"line":55,"column":4}}},"fnMap":{"0":{"name":"Carousel","decl":{"start":{"line":17,"column":10},"end":{"line":17,"column":18}},"loc":{"start":{"line":17,"column":38},"end":{"line":56,"column":1}},"line":17},"1":{"name":"goForward","decl":{"start":{"line":24,"column":11},"end":{"line":24,"column":20}},"loc":{"start":{"line":24,"column":23},"end":{"line":27,"column":3}},"line":24},"2":{"name":"goBackward","decl":{"start":{"line":29,"column":11},"end":{"line":29,"column":21}},"loc":{"start":{"line":29,"column":24},"end":{"line":31,"column":3}},"line":29}},"branchMap":{"0":{"loc":{"start":{"line":39,"column":8},"end":{"line":42,"column":10}},"type":"binary-expr","locations":[{"start":{"line":39,"column":8},"end":{"line":39,"column":23}},{"start":{"line":39,"column":27},"end":{"line":42,"column":10}}],"line":39},"1":{"loc":{"start":{"line":49,"column":10},"end":{"line":52,"column":10}},"type":"binary-expr","locations":[{"start":{"line":49,"column":10},"end":{"line":49,"column":33}},{"start":{"line":49,"column":37},"end":{"line":52,"column":10}}],"line":49}},"s":{"0":10,"1":10,"2":10,"3":4,"4":1,"5":10},"f":{"0":10,"1":4,"2":1},"b":{"0":[10,4],"1":[10,9]},"_coverageSchema":"1a1c01bbd47fc00a2c39e90264f33305004495a9","hash":"c21d940b9ff69142986098fc5cd750e4216326a9"}
,"/Users/lepham/Desktop/daily/week-8/react-state-carousel-coins/carousel/src/_testCommon.js": {"path":"/Users/lepham/Desktop/daily/week-8/react-state-carousel-coins/carousel/src/_testCommon.js","statementMap":{"0":{"start":{"line":1,"column":20},"end":{"line":14,"column":1}}},"fnMap":{},"branchMap":{},"s":{"0":2},"f":{},"b":{},"_coverageSchema":"1a1c01bbd47fc00a2c39e90264f33305004495a9","hash":"74449111360fc079bd7edbd80ff2485c6a47f1a1"}
,"/Users/lepham/Desktop/daily/week-8/react-state-carousel-coins/carousel/src/index.js": {"path":"/Users/lepham/Desktop/daily/week-8/react-state-carousel-coins/carousel/src/index.js","statementMap":{"0":{"start":{"line":8,"column":13},"end":{"line":8,"column":65}},"1":{"start":{"line":9,"column":0},"end":{"line":13,"column":2}},"2":{"start":{"line":18,"column":0},"end":{"line":18,"column":18}}},"fnMap":{},"branchMap":{},"s":{"0":0,"1":0,"2":0},"f":{},"b":{}}
,"/Users/lepham/Desktop/daily/week-8/react-state-carousel-coins/carousel/src/photos.js": {"path":"/Users/lepham/Desktop/daily/week-8/react-state-carousel-coins/carousel/src/photos.js","statementMap":{"0":{"start":{"line":5,"column":15},"end":{"line":18,"column":1}}},"fnMap":{},"branchMap":{},"s":{"0":0},"f":{},"b":{}}
,"/Users/lepham/Desktop/daily/week-8/react-state-carousel-coins/carousel/src/reportWebVitals.js": {"path":"/Users/lepham/Desktop/daily/week-8/react-state-carousel-coins/carousel/src/reportWebVitals.js","statementMap":{"0":{"start":{"line":1,"column":24},"end":{"line":11,"column":1}},"1":{"start":{"line":2,"column":2},"end":{"line":10,"column":3}},"2":{"start":{"line":3,"column":4},"end":{"line":9,"column":7}},"3":{"start":{"line":4,"column":6},"end":{"line":4,"column":26}},"4":{"start":{"line":5,"column":6},"end":{"line":5,"column":26}},"5":{"start":{"line":6,"column":6},"end":{"line":6,"column":26}},"6":{"start":{"line":7,"column":6},"end":{"line":7,"column":26}},"7":{"start":{"line":8,"column":6},"end":{"line":8,"column":27}}},"fnMap":{"0":{"name":"(anonymous_0)","decl":{"start":{"line":1,"column":24},"end":{"line":1,"column":25}},"loc":{"start":{"line":1,"column":39},"end":{"line":11,"column":1}},"line":1},"1":{"name":"(anonymous_1)","decl":{"start":{"line":3,"column":30},"end":{"line":3,"column":31}},"loc":{"start":{"line":3,"column":79},"end":{"line":9,"column":5}},"line":3}},"branchMap":{"0":{"loc":{"start":{"line":2,"column":2},"end":{"line":10,"column":3}},"type":"if","locations":[{"start":{"line":2,"column":2},"end":{"line":10,"column":3}},{"start":{},"end":{}}],"line":2},"1":{"loc":{"start":{"line":2,"column":6},"end":{"line":2,"column":52}},"type":"binary-expr","locations":[{"start":{"line":2,"column":6},"end":{"line":2,"column":17}},{"start":{"line":2,"column":21},"end":{"line":2,"column":52}}],"line":2}},"s":{"0":0,"1":0,"2":0,"3":0,"4":0,"5":0,"6":0,"7":0},"f":{"0":0,"1":0},"b":{"0":[0,0],"1":[0,0]}}
}
