TN:
SF:src/App.js
FN:13,App
FNF:1
FNH:0
FNDA:0,App
DA:17,0
DA:18,0
DA:20,0
LF:3
LH:0
BRF:0
BRH:0
end_of_record
TN:
SF:src/Card.js
FN:18,Card
FNF:1
FNH:1
FNDA:13,Card
DA:20,13
LF:1
LH:1
BRF:0
BRH:0
end_of_record
TN:
SF:src/Carousel.js
FN:17,Carousel
FN:24,goForward
FN:29,goBackward
FNF:3
FNH:3
FNDA:10,Carousel
FNDA:4,goForward
FNDA:1,goBackward
DA:18,10
DA:20,10
DA:21,10
DA:25,4
DA:30,1
DA:35,10
LF:6
LH:6
BRDA:39,0,0,10
BRDA:39,0,1,4
BRDA:49,1,0,10
BRDA:49,1,1,9
BRF:4
BRH:4
end_of_record
TN:
SF:src/_testCommon.js
FNF:0
FNH:0
DA:1,2
LF:1
LH:1
BRF:0
BRH:0
end_of_record
TN:
SF:src/index.js
FNF:0
FNH:0
DA:8,0
DA:9,0
DA:18,0
LF:3
LH:0
BRF:0
BRH:0
end_of_record
TN:
SF:src/photos.js
FNF:0
FNH:0
DA:5,0
LF:1
LH:0
BRF:0
BRH:0
end_of_record
TN:
SF:src/reportWebVitals.js
FN:1,(anonymous_0)
FN:3,(anonymous_1)
FNF:2
FNH:0
FNDA:0,(anonymous_0)
FNDA:0,(anonymous_1)
DA:1,0
DA:2,0
DA:3,0
DA:4,0
DA:5,0
DA:6,0
DA:7,0
DA:8,0
LF:8
LH:0
BRDA:2,0,0,0
BRDA:2,0,1,0
BRDA:2,1,0,0
BRDA:2,1,1,0
BRF:4
BRH:0
end_of_record
